{"level":"verbose","message":"Server is running at http://localhost:4000"}
{"level":"verbose","message":"Server is running at http://localhost:4000"}
{"level":"verbose","message":"Server is running at http://localhost:4000"}
{"level":"verbose","message":"Server is running at http://localhost:4000"}
{"level":"verbose","message":"Server is running at http://localhost:4000"}
{"level":"verbose","message":"Server is running at http://localhost:4000"}
{"level":"verbose","message":"Server is running at http://localhost:4000"}
{"level":"verbose","message":"Server is running at http://localhost:4000"}
{
  level: 'verbose',
  message: 'Server is running at http://localhost:4000',
  label: 'winston custom format',
  timestamp: 'Apr-21-2023 13:33:51'
}
{
  level: 'verbose',
  message: 'Server is running at http://localhost:4000',
  label: 'winston custom format',
  timestamp: 'Apr-21-2023 13:33:58'
}
{
  level: 'verbose',
  message: 'Server is running at http://localhost:4000',
  label: 'winston custom format',
  timestamp: 'Apr-21-2023 15:56:26'
}
{
  level: 'verbose',
  message: 'Server is running at http://localhost:4000',
  label: 'VertriebsApp format',
  timestamp: 'Apr-21-2023 23:27:35'
}
{
  level: 'verbose',
  message: 'Server is running at http://localhost:4000',
  label: 'VertriebsApp format',
  timestamp: 'Apr-21-2023 23:27:44'
}
{
  level: 'verbose',
  message: 'Server is running at http://localhost:4000',
  label: 'VertriebsApp format',
  timestamp: 'Apr-24-2023 15:06:30'
}
{
  level: 'verbose',
  message: 'Server is running at http://localhost:4000',
  label: 'VertriebsApp format',
  timestamp: 'Apr-24-2023 17:26:12'
}
{
  level: 'verbose',
  message: 'Server is running at http://localhost:4000',
  label: 'VertriebsApp format',
  timestamp: 'Apr-24-2023 17:26:35'
}
{
  level: 'verbose',
  message: 'Server is running at http://localhost:4000',
  label: 'VertriebsApp format',
  timestamp: 'Apr-24-2023 17:27:28'
}
{
  level: 'verbose',
  message: 'Server is running at http://localhost:4000',
  label: 'VertriebsApp format',
  timestamp: 'Apr-24-2023 17:27:38'
}
{
  level: 'verbose',
  message: 'Server is running at http://localhost:4000',
  label: 'VertriebsApp format',
  timestamp: 'Apr-24-2023 17:41:38'
}
{
  level: 'verbose',
  message: 'Server is running at http://localhost:4000',
  label: 'VertriebsApp format',
  timestamp: 'Apr-24-2023 17:41:47'
}
{
  level: 'verbose',
  message: 'Server is running at http://localhost:4000',
  label: 'VertriebsApp format',
  timestamp: 'Apr-24-2023 17:42:12'
}
{
  level: 'verbose',
  message: 'Server is running at http://localhost:4000',
  label: 'VertriebsApp format',
  timestamp: 'Apr-24-2023 17:42:50'
}
{
  level: 'verbose',
  message: 'Server is running at http://localhost:4000',
  label: 'VertriebsApp format',
  timestamp: 'Apr-24-2023 17:49:58'
}
{
  level: 'verbose',
  message: 'Server is running at http://localhost:4000',
  label: 'VertriebsApp format',
  timestamp: 'Apr-24-2023 17:51:09'
}
{
  level: 'verbose',
  message: 'Server is running at http://localhost:4000',
  label: 'VertriebsApp format',
  timestamp: 'Apr-24-2023 17:51:54'
}
{
  level: 'verbose',
  message: 'Server is running at http://localhost:4000',
  label: 'VertriebsApp format',
  timestamp: 'Apr-24-2023 17:54:56'
}
{
  level: 'verbose',
  message: 'Server is running at http://localhost:4000',
  label: 'VertriebsApp format',
  timestamp: 'Apr-24-2023 17:54:58'
}
{
  level: 'verbose',
  message: 'Server is running at http://localhost:4000',
  label: 'VertriebsApp format',
  timestamp: 'Apr-24-2023 17:55:04'
}
{
  level: 'verbose',
  message: 'Server is running at http://localhost:4000',
  label: 'VertriebsApp format',
  timestamp: 'Apr-24-2023 17:55:27'
}
{
  level: 'verbose',
  message: 'Server is running at http://localhost:4000',
  label: 'VertriebsApp format',
  timestamp: 'Apr-24-2023 17:55:58'
}
{
  level: 'verbose',
  message: 'Server is running at http://localhost:4000',
  label: 'VertriebsApp format',
  timestamp: 'Apr-24-2023 17:56:09'
}
{
  level: 'verbose',
  message: 'Server is running at http://localhost:4000',
  label: 'VertriebsApp format',
  timestamp: 'Apr-24-2023 17:56:48'
}
{
  level: 'verbose',
  message: 'Server is running at http://localhost:4000',
  label: 'VertriebsApp format',
  timestamp: 'Apr-24-2023 17:56:58'
}
{
  level: 'verbose',
  message: 'Server is running at http://localhost:4000',
  label: 'VertriebsApp format',
  timestamp: 'Apr-24-2023 17:57:07'
}
{
  level: 'verbose',
  message: 'Server is running at http://localhost:4000',
  label: 'VertriebsApp format',
  timestamp: 'Apr-24-2023 17:57:49'
}
{
  level: 'verbose',
  message: 'Server is running at http://localhost:4000',
  label: 'VertriebsApp format',
  timestamp: 'Apr-24-2023 17:57:58'
}
{
  level: 'verbose',
  message: 'Server is running at http://localhost:4000',
  label: 'VertriebsApp format',
  timestamp: 'Apr-24-2023 17:58:14'
}
{
  level: 'verbose',
  message: 'Server is running at http://localhost:4000',
  label: 'VertriebsApp format',
  timestamp: 'Apr-24-2023 17:58:37'
}
{
  level: 'verbose',
  message: 'Server is running at http://localhost:4000',
  label: 'VertriebsApp format',
  timestamp: 'Apr-24-2023 17:59:16'
}
{
  level: 'verbose',
  message: 'Server is running at http://localhost:4000',
  label: 'VertriebsApp format',
  timestamp: 'Apr-24-2023 18:00:11'
}
{
  level: 'verbose',
  message: 'Server is running at http://localhost:4000',
  label: 'VertriebsApp format',
  timestamp: 'Apr-24-2023 18:00:28'
}
{
  level: 'verbose',
  message: 'Server is running at http://localhost:4000',
  label: 'VertriebsApp format',
  timestamp: 'Apr-24-2023 18:19:57'
}
{
  level: 'verbose',
  message: 'Server is running at http://localhost:4000',
  label: 'VertriebsApp format',
  timestamp: 'Apr-24-2023 18:21:16'
}
{
  level: 'verbose',
  message: 'Server is running at http://localhost:4000',
  label: 'VertriebsApp format',
  timestamp: 'Apr-24-2023 18:22:00'
}
{
  level: 'verbose',
  message: 'Server is running at http://localhost:4000',
  label: 'VertriebsApp format',
  timestamp: 'Apr-24-2023 18:24:58'
}
{
  level: 'verbose',
  message: 'Server is running at http://localhost:4000',
  label: 'VertriebsApp format',
  timestamp: 'Apr-24-2023 18:25:21'
}
{
  level: 'verbose',
  message: 'Server is running at http://localhost:4000',
  label: 'VertriebsApp format',
  timestamp: 'Apr-24-2023 18:26:10'
}
{
  level: 'verbose',
  message: 'Server is running at http://localhost:4000',
  label: 'VertriebsApp format',
  timestamp: 'Apr-24-2023 18:27:10'
}
{
  level: 'verbose',
  message: 'Server is running at http://localhost:4000',
  label: 'VertriebsApp format',
  timestamp: 'Apr-24-2023 18:27:13'
}
{
  level: 'verbose',
  message: 'Server is running at http://localhost:4000',
  label: 'VertriebsApp format',
  timestamp: 'Apr-24-2023 18:27:32'
}
{
  level: 'verbose',
  message: 'Server is running at http://localhost:4000',
  label: 'VertriebsApp format',
  timestamp: 'Apr-24-2023 18:28:08'
}
{
  level: 'verbose',
  message: 'Server is running at http://localhost:4000',
  label: 'VertriebsApp format',
  timestamp: 'Apr-24-2023 18:28:25'
}
{
  level: 'verbose',
  message: 'Server is running at http://localhost:4000',
  label: 'VertriebsApp format',
  timestamp: 'Apr-24-2023 18:28:35'
}
{
  level: 'verbose',
  message: 'Server is running at http://localhost:4000',
  label: 'VertriebsApp format',
  timestamp: 'Apr-24-2023 18:34:38'
}
{
  level: 'verbose',
  message: 'Server is running at http://localhost:4000',
  label: 'VertriebsApp format',
  timestamp: 'Apr-24-2023 18:35:35'
}
{
  level: 'verbose',
  message: 'Server is running at http://localhost:4000',
  label: 'VertriebsApp format',
  timestamp: 'Apr-24-2023 18:35:41'
}
{
  level: 'verbose',
  message: 'Server is running at http://localhost:4000',
  label: 'VertriebsApp format',
  timestamp: 'Apr-24-2023 18:38:34'
}
{
  level: 'verbose',
  message: 'Server is running at http://localhost:4000',
  label: 'VertriebsApp format',
  timestamp: 'Apr-24-2023 18:38:47'
}
{
  level: 'verbose',
  message: 'Server is running at http://localhost:4000',
  label: 'VertriebsApp format',
  timestamp: 'Apr-24-2023 19:15:33'
}
